.........F
=================================== FAILURES ===================================
______________________ test_create_todo_with_empty_title _______________________
generated_test.py:68: in test_create_todo_with_empty_title
    assert response.status_code == 422
E   assert 200 == 422
E    +  where 200 = <Response [200 OK]>.status_code
=========================== short test summary info ============================
FAILED generated_test.py::test_create_todo_with_empty_title - assert 200 == 422
!!!!!!!!!!!!!!!!!!!!!!!!!! stopping after 1 failures !!!!!!!!!!!!!!!!!!!!!!!!!!!
1 failed, 9 passed in 0.52s
